TN:test_exec
SF:/Users/mirianfu/21/git/QT-Calculator/Controller.h
FN:15,17,_ZN10Controller6GetResENSt7__cxx1112basic_stringIcSt11char_traitsIcESaIcEEES5_
FN:26,28,_ZN10Controller22CheckIfInputStringIsOkERNSt7__cxx1112basic_stringIcSt11char_traitsIcESaIcEEE
FN:37,39,_ZN10Controller18ValidateGraphEdgesERSt6vectorIdSaIdEERS0_INSt7__cxx1112basic_stringIcSt11char_traitsIcESaIcEEESaIS9_EE
FN:5,5,_ZN10ControllerC1Ev
FN:50,52,_ZN10Controller9MakeGraphERSt6vectorIdSaIdEES3_S3_RNSt7__cxx1112basic_stringIcSt11char_traitsIcESaIcEEERd
FN:6,6,_ZN10ControllerD1Ev
FNDA:9,_ZN10Controller6GetResENSt7__cxx1112basic_stringIcSt11char_traitsIcESaIcEEES5_
FNDA:4,_ZN10Controller22CheckIfInputStringIsOkERNSt7__cxx1112basic_stringIcSt11char_traitsIcESaIcEEE
FNDA:1,_ZN10Controller18ValidateGraphEdgesERSt6vectorIdSaIdEERS0_INSt7__cxx1112basic_stringIcSt11char_traitsIcESaIcEEESaIS9_EE
FNDA:12,_ZN10ControllerC1Ev
FNDA:1,_ZN10Controller9MakeGraphERSt6vectorIdSaIdEES3_S3_RNSt7__cxx1112basic_stringIcSt11char_traitsIcESaIcEEERd
FNDA:12,_ZN10ControllerD1Ev
FNF:6
FNH:6
DA:5,12
DA:6,12
DA:15,9
DA:16,9
DA:26,4
DA:27,4
DA:37,1
DA:38,1
DA:50,1
DA:51,1
DA:52,1
LF:11
LH:11
end_of_record
TN:test_exec
SF:/Users/mirianfu/21/git/QT-Calculator/Model.cpp
FN:11,13,_ZN5Model3DivERSt5stackIdSt5dequeIdSaIdEEERKdS7_
FN:139,191,_ZN5Model7FnToLexERN9__gnu_cxx17__normal_iteratorIPcNSt7__cxx1112basic_stringIcSt11char_traitsIcESaIcEEEEERNS_5LexemERm
FN:15,17,_ZN5Model3SubERSt5stackIdSt5dequeIdSaIdEEERKdS7_
FN:19,21,_ZN5Model3ModERSt5stackIdSt5dequeIdSaIdEEERKdS7_
FN:193,196,_ZN5Model9CheckIfFnERKNS_5LexemE
FN:198,213,_ZN5Model12LexProcessorERSt5stackINS_5LexemESt5dequeIS1_SaIS1_EEERS1_RSt5queueIS1_S4_E
FN:216,222,_ZN5Model13BinCalculatorERSt5stackIdSt5dequeIdSaIdEEEPFvS5_RKdS7_E
FN:226,245,_ZN5Model14CalculateQueueERSt5queueINS_5LexemESt5dequeIS1_SaIS1_EEERSt5stackIdS2_IdSaIdEEE
FN:23,25,_ZN5Model3PowERSt5stackIdSt5dequeIdSaIdEEERKdS7_
FN:247,258,_ZN5Model13QueueToNumberERSt5queueINS_5LexemESt5dequeIS1_SaIS1_EEE
FN:260,273,_ZN5Model12UnaryCheckerERKSt5stackINS_5LexemESt5dequeIS1_SaIS1_EEERKN9__gnu_cxx17__normal_iteratorIPcNSt7__cxx1112basic_stringIcSt11char_traitsIcESaIcEEEEERKb
FN:275,278,_ZN5Model9SkipSpaceERNSt7__cxx1112basic_stringIcSt11char_traitsIcESaIcEEERN9__gnu_cxx17__normal_iteratorIPcS5_EE
FN:280,290,_ZN5Model12MultInserterERNSt7__cxx1112basic_stringIcSt11char_traitsIcESaIcEEE
FN:292,297,_ZN5Model20ClearStackAddtoQueueERSt5stackINS_5LexemESt5dequeIS1_SaIS1_EEERSt5queueIS1_S4_E
FN:299,327,_ZN5Model10CalculatorERNSt7__cxx1112basic_stringIcSt11char_traitsIcESaIcEEE
FN:3,5,_ZN5Model3SumERSt5stackIdSt5dequeIdSaIdEEERKdS7_
FN:30,34,_ZN5Model15UnaryCalculatorERSt5stackIdSt5dequeIdSaIdEEEPFvS5_RKdE
FN:329,335,_ZN5Model15StringValidatorERKNSt7__cxx1112basic_stringIcSt11char_traitsIcESaIcEEE
FN:337,350,_ZN5Model23TwoAndMorePointsCheckerERKNSt7__cxx1112basic_stringIcSt11char_traitsIcESaIcEEERKt
FN:352,360,_ZN5Model15OperatorCheckerERKNSt7__cxx1112basic_stringIcSt11char_traitsIcESaIcEEERKt
FN:36,38,_ZN5Model3SinERSt5stackIdSt5dequeIdSaIdEEERKd
FN:363,367,_ZN5Model12BeginCheckerERKNSt7__cxx1112basic_stringIcSt11char_traitsIcESaIcEEE
FN:369,373,_ZN5Model10EndCheckerERKNSt7__cxx1112basic_stringIcSt11char_traitsIcESaIcEEERKt
FN:386,405,_ZN5Model13BracketParserERKNSt7__cxx1112basic_stringIcSt11char_traitsIcESaIcEEERKt
FN:40,42,_ZN5Model3CosERSt5stackIdSt5dequeIdSaIdEEERKd
FN:407,443,_ZN5Model9FnCheckerERKNSt7__cxx1112basic_stringIcSt11char_traitsIcESaIcEEERKt
FN:44,46,_ZN5Model3TanERSt5stackIdSt5dequeIdSaIdEEERKd
FN:445,456,_ZN5Model12ErrorcheckerERKNSt7__cxx1112basic_stringIcSt11char_traitsIcESaIcEEE
FN:458,468,_ZN5Model8IsDoubleERKNSt7__cxx1112basic_stringIcSt11char_traitsIcESaIcEEE
FN:470,491,_ZN5Model10InsertXValENSt7__cxx1112basic_stringIcSt11char_traitsIcESaIcEEERKd
FN:48,50,_ZN5Model4AsinERSt5stackIdSt5dequeIdSaIdEEERKd
FN:493,495,_ZN5Model12StrContainsXERKNSt7__cxx1112basic_stringIcSt11char_traitsIcESaIcEEE
FN:52,54,_ZN5Model4AcosERSt5stackIdSt5dequeIdSaIdEEERKd
FN:57,59,_ZN5Model4AtanERSt5stackIdSt5dequeIdSaIdEEERKd
FN:61,63,_ZN5Model4SqrtERSt5stackIdSt5dequeIdSaIdEEERKd
FN:65,67,_ZN5Model2LnERSt5stackIdSt5dequeIdSaIdEEERKd
FN:69,71,_ZN5Model3LogERSt5stackIdSt5dequeIdSaIdEEERKd
FN:7,9,_ZN5Model4MultERSt5stackIdSt5dequeIdSaIdEEERKdS7_
FN:73,75,_ZN5Model9Unary_SumERSt5stackIdSt5dequeIdSaIdEEERKd
FN:77,79,_ZN5Model9Unary_SubERSt5stackIdSt5dequeIdSaIdEEERKd
FN:81,136,_ZN5Model13LongFnToLexemERN9__gnu_cxx17__normal_iteratorIPcNSt7__cxx1112basic_stringIcSt11char_traitsIcESaIcEEEEERNS_5LexemERm
FNDA:3,_ZN5Model3DivERSt5stackIdSt5dequeIdSaIdEEERKdS7_
FNDA:228434,_ZN5Model7FnToLexERN9__gnu_cxx17__normal_iteratorIPcNSt7__cxx1112basic_stringIcSt11char_traitsIcESaIcEEEEERNS_5LexemERm
FNDA:2,_ZN5Model3SubERSt5stackIdSt5dequeIdSaIdEEERKdS7_
FNDA:2,_ZN5Model3ModERSt5stackIdSt5dequeIdSaIdEEERKdS7_
FNDA:228434,_ZN5Model9CheckIfFnERKNS_5LexemE
FNDA:228434,_ZN5Model12LexProcessorERSt5stackINS_5LexemESt5dequeIS1_SaIS1_EEERS1_RSt5queueIS1_S4_E
FNDA:28,_ZN5Model13BinCalculatorERSt5stackIdSt5dequeIdSaIdEEEPFvS5_RKdS7_E
FNDA:45720,_ZN5Model14CalculateQueueERSt5queueINS_5LexemESt5dequeIS1_SaIS1_EEERSt5stackIdS2_IdSaIdEEE
FNDA:3,_ZN5Model3PowERSt5stackIdSt5dequeIdSaIdEEERKdS7_
FNDA:45673,_ZN5Model13QueueToNumberERSt5queueINS_5LexemESt5dequeIS1_SaIS1_EEE
FNDA:14,_ZN5Model12UnaryCheckerERKSt5stackINS_5LexemESt5dequeIS1_SaIS1_EEERKN9__gnu_cxx17__normal_iteratorIPcNSt7__cxx1112basic_stringIcSt11char_traitsIcESaIcEEEEERKb
FNDA:274135,_ZN5Model9SkipSpaceERNSt7__cxx1112basic_stringIcSt11char_traitsIcESaIcEEERN9__gnu_cxx17__normal_iteratorIPcS5_EE
FNDA:45673,_ZN5Model12MultInserterERNSt7__cxx1112basic_stringIcSt11char_traitsIcESaIcEEE
FNDA:45673,_ZN5Model20ClearStackAddtoQueueERSt5stackINS_5LexemESt5dequeIS1_SaIS1_EEERSt5queueIS1_S4_E
FNDA:45673,_ZN5Model10CalculatorERNSt7__cxx1112basic_stringIcSt11char_traitsIcESaIcEEE
FNDA:8,_ZN5Model3SumERSt5stackIdSt5dequeIdSaIdEEERKdS7_
FNDA:45692,_ZN5Model15UnaryCalculatorERSt5stackIdSt5dequeIdSaIdEEEPFvS5_RKdE
FNDA:13,_ZN5Model15StringValidatorERKNSt7__cxx1112basic_stringIcSt11char_traitsIcESaIcEEE
FNDA:12,_ZN5Model23TwoAndMorePointsCheckerERKNSt7__cxx1112basic_stringIcSt11char_traitsIcESaIcEEERKt
FNDA:12,_ZN5Model15OperatorCheckerERKNSt7__cxx1112basic_stringIcSt11char_traitsIcESaIcEEERKt
FNDA:7,_ZN5Model3SinERSt5stackIdSt5dequeIdSaIdEEERKd
FNDA:12,_ZN5Model12BeginCheckerERKNSt7__cxx1112basic_stringIcSt11char_traitsIcESaIcEEE
FNDA:12,_ZN5Model10EndCheckerERKNSt7__cxx1112basic_stringIcSt11char_traitsIcESaIcEEERKt
FNDA:9,_ZN5Model13BracketParserERKNSt7__cxx1112basic_stringIcSt11char_traitsIcESaIcEEERKt
FNDA:2,_ZN5Model3CosERSt5stackIdSt5dequeIdSaIdEEERKd
FNDA:12,_ZN5Model9FnCheckerERKNSt7__cxx1112basic_stringIcSt11char_traitsIcESaIcEEERKt
FNDA:45666,_ZN5Model3TanERSt5stackIdSt5dequeIdSaIdEEERKd
FNDA:13,_ZN5Model12ErrorcheckerERKNSt7__cxx1112basic_stringIcSt11char_traitsIcESaIcEEE
FNDA:5,_ZN5Model8IsDoubleERKNSt7__cxx1112basic_stringIcSt11char_traitsIcESaIcEEE
FNDA:45666,_ZN5Model10InsertXValENSt7__cxx1112basic_stringIcSt11char_traitsIcESaIcEEERKd
FNDA:2,_ZN5Model4AsinERSt5stackIdSt5dequeIdSaIdEEERKd
FNDA:10,_ZN5Model12StrContainsXERKNSt7__cxx1112basic_stringIcSt11char_traitsIcESaIcEEE
FNDA:1,_ZN5Model4AcosERSt5stackIdSt5dequeIdSaIdEEERKd
FNDA:1,_ZN5Model4AtanERSt5stackIdSt5dequeIdSaIdEEERKd
FNDA:5,_ZN5Model4SqrtERSt5stackIdSt5dequeIdSaIdEEERKd
FNDA:2,_ZN5Model2LnERSt5stackIdSt5dequeIdSaIdEEERKd
FNDA:2,_ZN5Model3LogERSt5stackIdSt5dequeIdSaIdEEERKd
FNDA:10,_ZN5Model4MultERSt5stackIdSt5dequeIdSaIdEEERKdS7_
FNDA:1,_ZN5Model9Unary_SumERSt5stackIdSt5dequeIdSaIdEEERKd
FNDA:3,_ZN5Model9Unary_SubERSt5stackIdSt5dequeIdSaIdEEERKd
FNDA:45690,_ZN5Model13LongFnToLexemERN9__gnu_cxx17__normal_iteratorIPcNSt7__cxx1112basic_stringIcSt11char_traitsIcESaIcEEEEERNS_5LexemERm
FNF:41
FNH:41
DA:3,8
DA:4,8
DA:5,8
DA:7,10
DA:8,10
DA:9,10
DA:11,3
DA:12,3
DA:13,3
DA:15,2
DA:16,2
DA:17,2
DA:19,2
DA:20,2
DA:21,2
DA:23,3
DA:24,3
DA:25,3
DA:30,45692
DA:31,45692
DA:32,45692
DA:33,45692
DA:34,45692
DA:36,7
DA:37,7
DA:38,7
DA:40,2
DA:41,2
DA:42,2
DA:44,45666
DA:45,45666
DA:46,45666
DA:48,2
DA:49,2
DA:50,2
DA:52,1
DA:53,1
DA:54,1
DA:57,1
DA:58,1
DA:59,1
DA:61,5
DA:62,5
DA:63,5
DA:65,2
DA:66,2
DA:67,2
DA:69,2
DA:70,2
DA:71,2
DA:73,1
DA:74,1
DA:75,1
DA:77,3
DA:78,3
DA:79,3
DA:81,45690
DA:82,45690
DA:83,2
DA:84,2
DA:85,2
DA:86,2
DA:87,2
DA:89,2
DA:90,2
DA:91,2
DA:92,2
DA:93,2
DA:95,2
DA:96,12
DA:97,12
DA:98,12
DA:99,7
DA:100,7
DA:102,5
DA:103,5
DA:105,12
DA:106,45666
DA:107,45666
DA:108,45666
DA:109,45666
DA:110,4
DA:111,4
DA:112,4
DA:113,1
DA:114,1
DA:116,3
DA:117,2
DA:118,2
DA:120,1
DA:121,1
DA:122,1
DA:124,4
DA:125,4
DA:126,4
DA:127,4
DA:128,2
DA:129,2
DA:131,2
DA:132,2
DA:134,4
DA:136,45690
DA:139,228434
DA:140,228434
DA:141,8
DA:142,8
DA:143,8
DA:144,8
DA:145,8
DA:146,2
DA:147,2
DA:148,2
DA:149,2
DA:150,2
DA:151,1
DA:152,1
DA:153,1
DA:154,1
DA:155,1
DA:156,3
DA:157,3
DA:158,3
DA:159,3
DA:160,3
DA:161,10
DA:162,10
DA:163,10
DA:164,10
DA:165,10
DA:166,3
DA:167,3
DA:168,3
DA:169,3
DA:170,3
DA:171,3
DA:172,3
DA:173,3
DA:174,3
DA:175,3
DA:176,91357
DA:177,91357
DA:178,91357
DA:179,91357
DA:180,91357
DA:181,91357
DA:182,91357
DA:183,91357
DA:184,91357
DA:185,91357
DA:186,45690
DA:187,45690
DA:189,228434
DA:190,228434
DA:191,228434
DA:193,228434
DA:194,228434
DA:195,456868
DA:198,228434
DA:199,228434
DA:200,91389
DA:201,91372
DA:202,15
DA:203,15
DA:205,91357
DA:207,58
DA:208,26
DA:209,26
DA:211,32
DA:213,228434
DA:216,28
DA:217,28
DA:218,28
DA:219,28
DA:220,28
DA:221,28
DA:222,28
DA:226,45720
DA:227,45720
DA:228,45712
DA:229,45710
DA:230,45700
DA:231,45697
DA:232,45695
DA:234,45692
DA:235,45691
DA:236,45688
DA:237,45686
DA:238,45679
DA:239,13
DA:240,12
DA:241,10
DA:242,9
DA:243,4
DA:244,2
DA:245,45720
DA:247,45673
DA:248,45673
DA:249,137094
DA:250,91421
DA:251,45701
DA:253,45720
DA:255,91421
DA:257,91346
DA:260,14
DA:261,14
DA:262,2
DA:263,1
DA:266,12
DA:267,10
DA:268,2
DA:269,2
DA:273,14
DA:275,274139
DA:276,274139
DA:277,274135
DA:278,274135
DA:280,45673
DA:281,45673
DA:282,685252
DA:283,639579
DA:284,2
DA:285,1
DA:286,1
DA:287,1
DA:290,45673
DA:292,91352
DA:293,91352
DA:294,45679
DA:295,45679
DA:297,45673
DA:299,45673
DA:300,91346
DA:301,45673
DA:302,91346
DA:303,91346
DA:304,45673
DA:306,45673
DA:307,319808
DA:308,274135
DA:309,274135
DA:310,274135
DA:311,45701
DA:312,45701
DA:313,45701
DA:314,45701
DA:315,45701
DA:317,228434
DA:318,228434
DA:319,228434
DA:321,274135
DA:322,274135
DA:323,274135
DA:325,45673
DA:326,91346
DA:329,13
DA:330,26
DA:331,321
DA:332,309
DA:334,12
DA:337,12
DA:338,265
DA:339,253
DA:340,14
DA:341,14
DA:342,14
DA:343,14
DA:344,41
DA:345,14
DA:346,14
DA:349,12
DA:352,12
DA:353,24
DA:354,306
DA:355,294
DA:356,29
DA:359,12
DA:363,12
DA:364,24
DA:365,12
DA:366,12
DA:369,12
DA:370,24
DA:371,12
DA:372,12
DA:386,9
DA:387,9
DA:388,9
DA:389,283
DA:390,274
DA:391,27
DA:392,27
DA:393,27
DA:394,161
DA:395,134
DA:396,134
DA:398,27
DA:400,274
DA:401,274
DA:404,9
DA:407,12
DA:408,227
DA:409,218
DA:410,2
DA:411,2
DA:412,2
DA:413,2
DA:414,2
DA:415,2
DA:416,14
DA:417,14
DA:418,5
DA:419,9
DA:420,8
DA:421,1
DA:422,13
DA:423,1
DA:424,1
DA:425,1
DA:426,4
DA:427,4
DA:428,2
DA:429,2
DA:430,4
DA:431,6
DA:432,6
DA:433,2
DA:434,4
DA:435,2
DA:436,2
DA:437,2
DA:439,4
DA:442,9
DA:445,13
DA:446,13
DA:447,13
DA:448,13
DA:449,12
DA:450,12
DA:451,12
DA:452,12
DA:453,12
DA:454,9
DA:455,9
DA:458,5
DA:459,5
DA:460,5
DA:461,5
DA:462,6
DA:463,2
DA:464,2
DA:466,4
DA:467,4
DA:470,45666
DA:471,45666
DA:472,319663
DA:473,273997
DA:475,91332
DA:476,45666
DA:477,45666
DA:478,91332
DA:479,91332
DA:480,45666
DA:481,45666
DA:482,45666
DA:483,45665
DA:484,45666
DA:485,45666
DA:486,45666
DA:488,45666
DA:490,45666
DA:493,10
DA:494,10
LF:372
LH:372
end_of_record
TN:test_exec
SF:/Users/mirianfu/21/git/QT-Calculator/Model.h
FN:12,12,_ZN5Model5LexemC1Ev
FN:13,13,_ZN5Model5LexemC1Ebcsd
FN:14,14,_ZN5Model5LexemD1Ev
FN:382,382,_ZN5ModelC1Ev
FN:383,383,_ZN5ModelD1Ev
FN:402,418,_ZN5Model12EdgesCheckerERSt6vectorIdSaIdEERKS0_INSt7__cxx1112basic_stringIcSt11char_traitsIcESaIcEEESaIS9_EE
FN:428,438,_ZN5Model6GetResERNSt7__cxx1112basic_stringIcSt11char_traitsIcESaIcEEES6_
FN:448,462,_ZN5Model18CreateGraphVectorsERSt6vectorIdSaIdEES3_S3_RNSt7__cxx1112basic_stringIcSt11char_traitsIcESaIcEEERd
FNDA:45673,_ZN5Model5LexemC1Ev
FNDA:45690,_ZN5Model5LexemC1Ebcsd
FNDA:319861,_ZN5Model5LexemD1Ev
FNDA:12,_ZN5ModelC1Ev
FNDA:12,_ZN5ModelD1Ev
FNDA:1,_ZN5Model12EdgesCheckerERSt6vectorIdSaIdEERKS0_INSt7__cxx1112basic_stringIcSt11char_traitsIcESaIcEEESaIS9_EE
FNDA:9,_ZN5Model6GetResERNSt7__cxx1112basic_stringIcSt11char_traitsIcESaIcEEES6_
FNDA:1,_ZN5Model18CreateGraphVectorsERSt6vectorIdSaIdEES3_S3_RNSt7__cxx1112basic_stringIcSt11char_traitsIcESaIcEEERd
FNF:8
FNH:8
DA:12,45673
DA:13,45690
DA:14,319861
DA:382,12
DA:383,12
DA:402,1
DA:403,1
DA:404,5
DA:405,4
DA:406,4
DA:407,1
DA:408,1
DA:409,1
DA:410,1
DA:412,3
DA:415,1
DA:416,1
DA:417,1
DA:428,9
DA:429,9
DA:430,16
DA:432,3
DA:434,1
DA:435,2
DA:448,1
DA:449,1
DA:450,45665
DA:451,45665
DA:452,45665
DA:453,45665
DA:454,1
DA:455,1
DA:457,45664
DA:458,45664
DA:460,45664
LF:35
LH:35
end_of_record
TN:test_exec
SF:/Users/mirianfu/21/git/QT-Calculator/test.cpp
FN:111,111,_ZN20Calc_GraphMaker_Test8TestBodyEv
FN:111,111,_ZN20Calc_GraphMaker_TestC1Ev
FN:111,111,_ZN20Calc_GraphMaker_TestD0Ev
FN:111,111,_ZN20Calc_GraphMaker_TestD1Ev
FN:12,12,_ZN18Calc_Default2_Test8TestBodyEv
FN:12,12,_ZN18Calc_Default2_TestC1Ev
FN:12,12,_ZN18Calc_Default2_TestD0Ev
FN:12,12,_ZN18Calc_Default2_TestD1Ev
FN:121,124,main
FN:20,20,_ZN18Calc_Default3_Test8TestBodyEv
FN:20,20,_ZN18Calc_Default3_TestC1Ev
FN:20,20,_ZN18Calc_Default3_TestD0Ev
FN:20,20,_ZN18Calc_Default3_TestD1Ev
FN:28,28,_ZN18Calc_Default4_Test8TestBodyEv
FN:28,28,_ZN18Calc_Default4_TestC1Ev
FN:28,28,_ZN18Calc_Default4_TestD0Ev
FN:28,28,_ZN18Calc_Default4_TestD1Ev
FN:36,36,_ZN18Calc_Default5_Test8TestBodyEv
FN:36,36,_ZN18Calc_Default5_TestC1Ev
FN:36,36,_ZN18Calc_Default5_TestD0Ev
FN:36,36,_ZN18Calc_Default5_TestD1Ev
FN:4,4,_ZN18Calc_Default1_Test8TestBodyEv
FN:4,4,_ZN18Calc_Default1_TestC1Ev
FN:4,4,_ZN18Calc_Default1_TestD0Ev
FN:4,4,_ZN18Calc_Default1_TestD1Ev
FN:44,44,_ZN14Calc_Exp1_Test8TestBodyEv
FN:44,44,_ZN14Calc_Exp1_TestC1Ev
FN:44,44,_ZN14Calc_Exp1_TestD0Ev
FN:44,44,_ZN14Calc_Exp1_TestD1Ev
FN:52,52,_ZN14Calc_Exp2_Test8TestBodyEv
FN:52,52,_ZN14Calc_Exp2_TestC1Ev
FN:52,52,_ZN14Calc_Exp2_TestD0Ev
FN:52,52,_ZN14Calc_Exp2_TestD1Ev
FN:68,68,_ZN29Calc_IncorrectExpression_Test8TestBodyEv
FN:68,68,_ZN29Calc_IncorrectExpression_TestC1Ev
FN:68,68,_ZN29Calc_IncorrectExpression_TestD0Ev
FN:68,68,_ZN29Calc_IncorrectExpression_TestD1Ev
FN:75,75,_ZN30Calc_IncorrectExpression2_Test8TestBodyEv
FN:75,75,_ZN30Calc_IncorrectExpression2_TestC1Ev
FN:75,75,_ZN30Calc_IncorrectExpression2_TestD0Ev
FN:75,75,_ZN30Calc_IncorrectExpression2_TestD1Ev
FN:88,96,_ZN30Calc_IncorrectExpression3_Test8TestBodyEv
FN:88,96,_ZN30Calc_IncorrectExpression3_TestC1Ev
FN:88,96,_ZN30Calc_IncorrectExpression3_TestD0Ev
FN:88,96,_ZN30Calc_IncorrectExpression3_TestD1Ev
FN:98,109,_ZN24Calc_IncorrectEdges_Test8TestBodyEv
FN:98,109,_ZN24Calc_IncorrectEdges_TestC1Ev
FN:98,109,_ZN24Calc_IncorrectEdges_TestD0Ev
FN:98,109,_ZN24Calc_IncorrectEdges_TestD1Ev
FNDA:1,_ZN20Calc_GraphMaker_Test8TestBodyEv
FNDA:1,_ZN20Calc_GraphMaker_TestC1Ev
FNDA:1,_ZN20Calc_GraphMaker_TestD0Ev
FNDA:1,_ZN20Calc_GraphMaker_TestD1Ev
FNDA:1,_ZN18Calc_Default2_Test8TestBodyEv
FNDA:1,_ZN18Calc_Default2_TestC1Ev
FNDA:1,_ZN18Calc_Default2_TestD0Ev
FNDA:1,_ZN18Calc_Default2_TestD1Ev
FNDA:1,main
FNDA:1,_ZN18Calc_Default3_Test8TestBodyEv
FNDA:1,_ZN18Calc_Default3_TestC1Ev
FNDA:1,_ZN18Calc_Default3_TestD0Ev
FNDA:1,_ZN18Calc_Default3_TestD1Ev
FNDA:1,_ZN18Calc_Default4_Test8TestBodyEv
FNDA:1,_ZN18Calc_Default4_TestC1Ev
FNDA:1,_ZN18Calc_Default4_TestD0Ev
FNDA:1,_ZN18Calc_Default4_TestD1Ev
FNDA:1,_ZN18Calc_Default5_Test8TestBodyEv
FNDA:1,_ZN18Calc_Default5_TestC1Ev
FNDA:1,_ZN18Calc_Default5_TestD0Ev
FNDA:1,_ZN18Calc_Default5_TestD1Ev
FNDA:1,_ZN18Calc_Default1_Test8TestBodyEv
FNDA:1,_ZN18Calc_Default1_TestC1Ev
FNDA:1,_ZN18Calc_Default1_TestD0Ev
FNDA:1,_ZN18Calc_Default1_TestD1Ev
FNDA:1,_ZN14Calc_Exp1_Test8TestBodyEv
FNDA:1,_ZN14Calc_Exp1_TestC1Ev
FNDA:1,_ZN14Calc_Exp1_TestD0Ev
FNDA:1,_ZN14Calc_Exp1_TestD1Ev
FNDA:1,_ZN14Calc_Exp2_Test8TestBodyEv
FNDA:1,_ZN14Calc_Exp2_TestC1Ev
FNDA:1,_ZN14Calc_Exp2_TestD0Ev
FNDA:1,_ZN14Calc_Exp2_TestD1Ev
FNDA:1,_ZN29Calc_IncorrectExpression_Test8TestBodyEv
FNDA:1,_ZN29Calc_IncorrectExpression_TestC1Ev
FNDA:1,_ZN29Calc_IncorrectExpression_TestD0Ev
FNDA:1,_ZN29Calc_IncorrectExpression_TestD1Ev
FNDA:1,_ZN30Calc_IncorrectExpression2_Test8TestBodyEv
FNDA:1,_ZN30Calc_IncorrectExpression2_TestC1Ev
FNDA:1,_ZN30Calc_IncorrectExpression2_TestD0Ev
FNDA:1,_ZN30Calc_IncorrectExpression2_TestD1Ev
FNDA:1,_ZN30Calc_IncorrectExpression3_Test8TestBodyEv
FNDA:1,_ZN30Calc_IncorrectExpression3_TestC1Ev
FNDA:1,_ZN30Calc_IncorrectExpression3_TestD0Ev
FNDA:1,_ZN30Calc_IncorrectExpression3_TestD1Ev
FNDA:1,_ZN24Calc_IncorrectEdges_Test8TestBodyEv
FNDA:1,_ZN24Calc_IncorrectEdges_TestC1Ev
FNDA:1,_ZN24Calc_IncorrectEdges_TestD0Ev
FNDA:1,_ZN24Calc_IncorrectEdges_TestD1Ev
FNF:49
FNH:49
DA:4,4
DA:5,2
DA:6,2
DA:7,1
DA:8,1
DA:9,1
DA:10,1
DA:12,4
DA:13,2
DA:14,2
DA:15,1
DA:16,1
DA:17,1
DA:18,1
DA:20,4
DA:21,2
DA:22,2
DA:23,1
DA:24,1
DA:25,1
DA:26,1
DA:28,4
DA:29,2
DA:30,2
DA:31,1
DA:32,1
DA:33,1
DA:34,1
DA:36,4
DA:37,2
DA:38,2
DA:39,1
DA:40,1
DA:41,1
DA:42,1
DA:44,4
DA:45,2
DA:46,2
DA:47,1
DA:48,1
DA:49,1
DA:50,1
DA:52,4
DA:53,2
DA:54,2
DA:55,1
DA:56,1
DA:57,1
DA:58,1
DA:68,4
DA:69,2
DA:70,2
DA:71,1
DA:72,1
DA:73,1
DA:75,4
DA:76,2
DA:77,2
DA:78,2
DA:79,2
DA:80,1
DA:81,1
DA:82,1
DA:83,1
DA:84,1
DA:85,1
DA:86,1
DA:88,4
DA:89,2
DA:90,2
DA:91,2
DA:92,1
DA:93,2
DA:94,1
DA:95,1
DA:96,1
DA:98,4
DA:99,2
DA:100,2
DA:101,2
DA:102,1
DA:103,1
DA:104,1
DA:105,1
DA:106,2
DA:107,1
DA:108,1
DA:109,1
DA:111,4
DA:112,2
DA:113,2
DA:114,2
DA:115,2
DA:116,2
DA:117,1
DA:118,1
DA:119,1
DA:121,1
DA:122,1
DA:123,1
LF:100
LH:100
end_of_record
